# JRE version: OpenJDK Runtime Environment (17.0.6) (build 17.0.6+0-b2043.56-10027231)
# Java VM: OpenJDK 64-Bit Server VM (17.0.6+0-b2043.56-10027231, mixed mode, tiered, compressed oops, compressed class ptrs, g1 gc, windows-amd64)
GC Precious Log:
 CPUs: 4 total, 4 available
 Memory: 3971M
 Large Page Support: Disabled
 NUMA Support: Disabled
 Compressed Oops: Enabled (32-bit)
 Heap Region Size: 1M
 Heap Min Capacity: 8M
 Heap Initial Capacity: 64M
 Heap Max Capacity: 994M
 Pre-touch: Disabled
 Parallel Workers: 4
 Concurrent Workers: 1
 Concurrent Refinement Workers: 4
 Periodic GC: Disabled
Heap:
 garbage-first heap   total 57344K, used 37665K [0x00000000c1e00000, 0x0000000100000000)
  region size 1024K, 19 young (19456K), 3 survivors (3072K)
 Metaspace       used 46487K, committed 46656K, reserved 1097728K
  class space    used 5671K, committed 5760K, reserved 1048576K
GC Heap History (20 events):
Event: 7.349 GC heap before
{Heap before GC invocations=1 (full 0):
 garbage-first heap   total 65536K, used 21504K [0x00000000c1e00000, 0x0000000100000000)
  region size 1024K, 18 young (18432K), 2 survivors (2048K)
 Metaspace       used 14608K, committed 14720K, reserved 1064960K
  class space    used 1457K, committed 1536K, reserved 1048576K
}
Event: 7.360 GC heap after
{Heap after GC invocations=2 (full 0):
 garbage-first heap   total 65536K, used 7756K [0x00000000c1e00000, 0x0000000100000000)
  region size 1024K, 2 young (2048K), 2 survivors (2048K)
 Metaspace       used 14608K, committed 14720K, reserved 1064960K
  class space    used 1457K, committed 1536K, reserved 1048576K
}
Event: 9.595 GC heap before
{Heap before GC invocations=2 (full 0):
 garbage-first heap   total 65536K, used 32332K [0x00000000c1e00000, 0x0000000100000000)
  region size 1024K, 27 young (27648K), 2 survivors (2048K)
 Metaspace       used 21361K, committed 21504K, reserved 1073152K
  class space    used 2319K, committed 2432K, reserved 1048576K
}
Event: 9.612 GC heap after
{Heap after GC invocations=3 (full 0):
 garbage-first heap   total 65536K, used 10199K [0x00000000c1e00000, 0x0000000100000000)
  region size 1024K, 4 young (4096K), 4 survivors (4096K)
 Metaspace       used 21361K, committed 21504K, reserved 1073152K
  class space    used 2319K, committed 2432K, reserved 1048576K
}
Event: 12.372 GC heap before
{Heap before GC invocations=4 (full 0):
 garbage-first heap   total 37888K, used 29655K [0x00000000c1e00000, 0x0000000100000000)
  region size 1024K, 24 young (24576K), 4 survivors (4096K)
 Metaspace       used 28172K, committed 28352K, reserved 1081344K
  class space    used 3481K, committed 3584K, reserved 1048576K
}
Event: 12.390 GC heap after
{Heap after GC invocations=5 (full 0):
 garbage-first heap   total 37888K, used 11338K [0x00000000c1e00000, 0x0000000100000000)
  region size 1024K, 4 young (4096K), 4 survivors (4096K)
 Metaspace       used 28172K, committed 28352K, reserved 1081344K
  class space    used 3481K, committed 3584K, reserved 1048576K
}
Event: 13.649 GC heap before
{Heap before GC invocations=5 (full 0):
 garbage-first heap   total 37888K, used 27722K [0x00000000c1e00000, 0x0000000100000000)
  region size 1024K, 19 young (19456K), 4 survivors (4096K)
 Metaspace       used 29444K, committed 29632K, reserved 1081344K
  class space    used 3607K, committed 3648K, reserved 1048576K
}
Event: 13.675 GC heap after
{Heap after GC invocations=6 (full 0):
 garbage-first heap   total 37888K, used 17049K [0x00000000c1e00000, 0x0000000100000000)
  region size 1024K, 3 young (3072K), 3 survivors (3072K)
 Metaspace       used 29444K, committed 29632K, reserved 1081344K
  class space    used 3607K, committed 3648K, reserved 1048576K
}
Event: 14.675 GC heap before
{Heap before GC invocations=6 (full 0):
 garbage-first heap   total 37888K, used 27289K [0x00000000c1e00000, 0x0000000100000000)
  region size 1024K, 13 young (13312K), 3 survivors (3072K)
 Metaspace       used 32817K, committed 33024K, reserved 1081344K
  class space    used 4192K, committed 4288K, reserved 1048576K
}
Event: 14.690 GC heap after
{Heap after GC invocations=7 (full 0):
 garbage-first heap   total 37888K, used 18342K [0x00000000c1e00000, 0x0000000100000000)
  region size 1024K, 1 young (1024K), 1 survivors (1024K)
 Metaspace       used 32817K, committed 33024K, reserved 1081344K
  class space    used 4192K, committed 4288K, reserved 1048576K
}
Event: 16.025 GC heap before
{Heap before GC invocations=7 (full 0):
 garbage-first heap   total 37888K, used 28582K [0x00000000c1e00000, 0x0000000100000000)
  region size 1024K, 11 young (11264K), 1 survivors (1024K)
 Metaspace       used 34780K, committed 35008K, reserved 1081344K
  class space    used 4411K, committed 4544K, reserved 1048576K
}
Event: 16.035 GC heap after
{Heap after GC invocations=8 (full 0):
 garbage-first heap   total 37888K, used 17363K [0x00000000c1e00000, 0x0000000100000000)
  region size 1024K, 2 young (2048K), 2 survivors (2048K)
 Metaspace       used 34780K, committed 35008K, reserved 1081344K
  class space    used 4411K, committed 4544K, reserved 1048576K
}
Event: 16.576 GC heap before
{Heap before GC invocations=9 (full 0):
 garbage-first heap   total 37888K, used 27603K [0x00000000c1e00000, 0x0000000100000000)
  region size 1024K, 13 young (13312K), 2 survivors (2048K)
 Metaspace       used 36862K, committed 37056K, reserved 1081344K
  class space    used 4638K, committed 4736K, reserved 1048576K
}
Event: 16.584 GC heap after
{Heap after GC invocations=10 (full 0):
 garbage-first heap   total 37888K, used 18648K [0x00000000c1e00000, 0x0000000100000000)
  region size 1024K, 2 young (2048K), 2 survivors (2048K)
 Metaspace       used 36862K, committed 37056K, reserved 1081344K
  class space    used 4638K, committed 4736K, reserved 1048576K
}
Event: 16.619 GC heap before
{Heap before GC invocations=10 (full 0):
 garbage-first heap   total 37888K, used 19672K [0x00000000c1e00000, 0x0000000100000000)
  region size 1024K, 3 young (3072K), 2 survivors (2048K)
 Metaspace       used 37032K, committed 37312K, reserved 1081344K
  class space    used 4655K, committed 4800K, reserved 1048576K
}
Event: 16.625 GC heap after
{Heap after GC invocations=11 (full 0):
 garbage-first heap   total 37888K, used 18126K [0x00000000c1e00000, 0x0000000100000000)
  region size 1024K, 1 young (1024K), 1 survivors (1024K)
 Metaspace       used 37032K, committed 37312K, reserved 1081344K
  class space    used 4655K, committed 4800K, reserved 1048576K
}
Event: 17.063 GC heap before
{Heap before GC invocations=11 (full 0):
 garbage-first heap   total 37888K, used 26318K [0x00000000c1e00000, 0x0000000100000000)
  region size 1024K, 10 young (10240K), 1 survivors (1024K)
 Metaspace       used 39064K, committed 39296K, reserved 1089536K
  class space    used 4805K, committed 4928K, reserved 1048576K
}
Event: 17.068 GC heap after
{Heap after GC invocations=12 (full 0):
 garbage-first heap   total 57344K, used 18931K [0x00000000c1e00000, 0x0000000100000000)
  region size 1024K, 2 young (2048K), 2 survivors (2048K)
 Metaspace       used 39064K, committed 39296K, reserved 1089536K
  class space    used 4805K, committed 4928K, reserved 1048576K
}
Event: 18.364 GC heap before
{Heap before GC invocations=13 (full 0):
 garbage-first heap   total 57344K, used 40435K [0x00000000c1e00000, 0x0000000100000000)
  region size 1024K, 24 young (24576K), 2 survivors (2048K)
 Metaspace       used 44704K, committed 44928K, reserved 1089536K
  class space    used 5487K, committed 5568K, reserved 1048576K
}
Event: 18.374 GC heap after
{Heap after GC invocations=14 (full 0):
 garbage-first heap   total 57344K, used 20257K [0x00000000c1e00000, 0x0000000100000000)
  region size 1024K, 3 young (3072K), 3 survivors (3072K)
 Metaspace       used 44704K, committed 44928K, reserved 1089536K
  class space    used 5487K, committed 5568K, reserved 1048576K
}

